{"contracts/DEX.sol":{"l":{"40":75,"41":75,"42":75,"50":18,"52":16,"53":16,"55":16,"56":14,"58":2,"62":1,"65":15,"67":15,"68":15,"70":15,"71":15,"73":15,"81":3,"82":2,"84":1,"85":1,"87":1,"88":1,"90":1,"91":1,"93":1,"94":1,"96":1,"104":8,"106":7,"108":7,"109":7,"111":7,"112":7,"114":7,"116":7,"124":3,"126":2,"128":2,"129":2,"131":2,"132":2,"134":2,"136":2,"140":2,"141":1,"149":8,"157":11,"158":10,"160":9,"161":9,"162":9,"163":9,"167":14,"168":14,"169":14,"170":14,"171":126,"172":126,"175":0},"path":"/Users/rushikesh/dex-amm/contracts/DEX.sol","s":{"1":75,"2":18,"3":16,"4":16,"5":16,"6":2,"7":15,"8":15,"9":3,"10":2,"11":1,"12":1,"13":1,"14":8,"15":7,"16":7,"17":7,"18":7,"19":3,"20":2,"21":2,"22":2,"23":2,"24":2,"25":1,"26":8,"27":11,"28":10,"29":9,"30":9,"31":9,"32":14,"33":14,"34":14,"35":0},"b":{"1":[75,0],"2":[18,0],"3":[16,2],"4":[14,2],"5":[1,1],"6":[15,0],"7":[3,0],"8":[2,1],"9":[1,1],"10":[8,0],"11":[7,1],"12":[7,0],"13":[3,0],"14":[2,1],"15":[2,0],"16":[1,1],"17":[10,1],"18":[9,1],"19":[14,0],"20":[0,0]},"f":{"1":75,"2":18,"3":3,"4":8,"5":3,"6":2,"7":8,"8":11,"9":14},"fnMap":{"1":{"name":"constructor","line":39,"loc":{"start":{"line":39,"column":4},"end":{"line":43,"column":4}}},"2":{"name":"addLiquidity","line":47,"loc":{"start":{"line":45,"column":4},"end":{"line":74,"column":4}}},"3":{"name":"removeLiquidity","line":78,"loc":{"start":{"line":76,"column":4},"end":{"line":97,"column":4}}},"4":{"name":"swapAForB","line":101,"loc":{"start":{"line":99,"column":4},"end":{"line":117,"column":4}}},"5":{"name":"swapBForA","line":121,"loc":{"start":{"line":119,"column":4},"end":{"line":137,"column":4}}},"6":{"name":"getPrice","line":139,"loc":{"start":{"line":139,"column":4},"end":{"line":142,"column":4}}},"7":{"name":"getReserves","line":144,"loc":{"start":{"line":144,"column":4},"end":{"line":150,"column":4}}},"8":{"name":"getAmountOut","line":152,"loc":{"start":{"line":152,"column":4},"end":{"line":164,"column":4}}},"9":{"name":"_sqrt","line":166,"loc":{"start":{"line":166,"column":4},"end":{"line":177,"column":4}}}},"statementMap":{"1":{"start":{"line":40,"column":8},"end":{"line":40,"column":79}},"2":{"start":{"line":50,"column":8},"end":{"line":50,"column":60}},"3":{"start":{"line":52,"column":8},"end":{"line":52,"column":70}},"4":{"start":{"line":53,"column":8},"end":{"line":53,"column":70}},"5":{"start":{"line":55,"column":8},"end":{"line":55,"column":1456}},"6":{"start":{"line":58,"column":12},"end":{"line":58,"column":1572}},"7":{"start":{"line":65,"column":8},"end":{"line":65,"column":46}},"8":{"start":{"line":73,"column":8},"end":{"line":73,"column":74}},"9":{"start":{"line":81,"column":8},"end":{"line":81,"column":48}},"10":{"start":{"line":82,"column":8},"end":{"line":82,"column":73}},"11":{"start":{"line":93,"column":8},"end":{"line":93,"column":51}},"12":{"start":{"line":94,"column":8},"end":{"line":94,"column":51}},"13":{"start":{"line":96,"column":8},"end":{"line":96,"column":76}},"14":{"start":{"line":104,"column":8},"end":{"line":104,"column":42}},"15":{"start":{"line":106,"column":8},"end":{"line":106,"column":72}},"16":{"start":{"line":109,"column":8},"end":{"line":109,"column":45}},"17":{"start":{"line":114,"column":8},"end":{"line":114,"column":54}},"18":{"start":{"line":116,"column":8},"end":{"line":116,"column":68}},"19":{"start":{"line":124,"column":8},"end":{"line":124,"column":42}},"20":{"start":{"line":126,"column":8},"end":{"line":126,"column":72}},"21":{"start":{"line":129,"column":8},"end":{"line":129,"column":45}},"22":{"start":{"line":134,"column":8},"end":{"line":134,"column":54}},"23":{"start":{"line":136,"column":8},"end":{"line":136,"column":68}},"24":{"start":{"line":140,"column":8},"end":{"line":140,"column":35}},"25":{"start":{"line":140,"column":27},"end":{"line":140,"column":35}},"26":{"start":{"line":149,"column":8},"end":{"line":149,"column":35}},"27":{"start":{"line":157,"column":8},"end":{"line":157,"column":42}},"28":{"start":{"line":158,"column":8},"end":{"line":158,"column":63}},"29":{"start":{"line":160,"column":8},"end":{"line":160,"column":48}},"30":{"start":{"line":161,"column":8},"end":{"line":161,"column":56}},"31":{"start":{"line":162,"column":8},"end":{"line":162,"column":66}},"32":{"start":{"line":167,"column":8},"end":{"line":167,"column":4809}},"33":{"start":{"line":169,"column":12},"end":{"line":169,"column":33}},"34":{"start":{"line":170,"column":12},"end":{"line":170,"column":4892}},"35":{"start":{"line":174,"column":15},"end":{"line":174,"column":4993}}},"branchMap":{"1":{"line":40,"type":"if","locations":[{"start":{"line":40,"column":8},"end":{"line":40,"column":8}},{"start":{"line":40,"column":8},"end":{"line":40,"column":8}}]},"2":{"line":47,"type":"if","locations":[{"start":{"line":47,"column":8},"end":{"line":47,"column":8}},{"start":{"line":47,"column":8},"end":{"line":47,"column":8}}]},"3":{"line":50,"type":"if","locations":[{"start":{"line":50,"column":8},"end":{"line":50,"column":8}},{"start":{"line":50,"column":8},"end":{"line":50,"column":8}}]},"4":{"line":55,"type":"if","locations":[{"start":{"line":55,"column":8},"end":{"line":55,"column":8}},{"start":{"line":55,"column":8},"end":{"line":55,"column":8}}]},"5":{"line":58,"type":"if","locations":[{"start":{"line":58,"column":12},"end":{"line":58,"column":12}},{"start":{"line":58,"column":12},"end":{"line":58,"column":12}}]},"6":{"line":65,"type":"if","locations":[{"start":{"line":65,"column":8},"end":{"line":65,"column":8}},{"start":{"line":65,"column":8},"end":{"line":65,"column":8}}]},"7":{"line":78,"type":"if","locations":[{"start":{"line":78,"column":8},"end":{"line":78,"column":8}},{"start":{"line":78,"column":8},"end":{"line":78,"column":8}}]},"8":{"line":81,"type":"if","locations":[{"start":{"line":81,"column":8},"end":{"line":81,"column":8}},{"start":{"line":81,"column":8},"end":{"line":81,"column":8}}]},"9":{"line":82,"type":"if","locations":[{"start":{"line":82,"column":8},"end":{"line":82,"column":8}},{"start":{"line":82,"column":8},"end":{"line":82,"column":8}}]},"10":{"line":101,"type":"if","locations":[{"start":{"line":101,"column":8},"end":{"line":101,"column":8}},{"start":{"line":101,"column":8},"end":{"line":101,"column":8}}]},"11":{"line":104,"type":"if","locations":[{"start":{"line":104,"column":8},"end":{"line":104,"column":8}},{"start":{"line":104,"column":8},"end":{"line":104,"column":8}}]},"12":{"line":109,"type":"if","locations":[{"start":{"line":109,"column":8},"end":{"line":109,"column":8}},{"start":{"line":109,"column":8},"end":{"line":109,"column":8}}]},"13":{"line":121,"type":"if","locations":[{"start":{"line":121,"column":8},"end":{"line":121,"column":8}},{"start":{"line":121,"column":8},"end":{"line":121,"column":8}}]},"14":{"line":124,"type":"if","locations":[{"start":{"line":124,"column":8},"end":{"line":124,"column":8}},{"start":{"line":124,"column":8},"end":{"line":124,"column":8}}]},"15":{"line":129,"type":"if","locations":[{"start":{"line":129,"column":8},"end":{"line":129,"column":8}},{"start":{"line":129,"column":8},"end":{"line":129,"column":8}}]},"16":{"line":140,"type":"if","locations":[{"start":{"line":140,"column":8},"end":{"line":140,"column":8}},{"start":{"line":140,"column":8},"end":{"line":140,"column":8}}]},"17":{"line":157,"type":"if","locations":[{"start":{"line":157,"column":8},"end":{"line":157,"column":8}},{"start":{"line":157,"column":8},"end":{"line":157,"column":8}}]},"18":{"line":158,"type":"if","locations":[{"start":{"line":158,"column":8},"end":{"line":158,"column":8}},{"start":{"line":158,"column":8},"end":{"line":158,"column":8}}]},"19":{"line":167,"type":"if","locations":[{"start":{"line":167,"column":8},"end":{"line":167,"column":8}},{"start":{"line":167,"column":8},"end":{"line":167,"column":8}}]},"20":{"line":174,"type":"if","locations":[{"start":{"line":174,"column":15},"end":{"line":174,"column":15}},{"start":{"line":174,"column":15},"end":{"line":174,"column":15}}]}}},"contracts/MockERC20.sol":{"l":{"8":150,"12":50},"path":"/Users/rushikesh/dex-amm/contracts/MockERC20.sol","s":{"1":150,"2":50},"b":{},"f":{"1":150,"2":50},"fnMap":{"1":{"name":"constructor","line":7,"loc":{"start":{"line":7,"column":4},"end":{"line":9,"column":4}}},"2":{"name":"mint","line":11,"loc":{"start":{"line":11,"column":4},"end":{"line":13,"column":4}}}},"statementMap":{"1":{"start":{"line":8,"column":8},"end":{"line":8,"column":44}},"2":{"start":{"line":12,"column":8},"end":{"line":12,"column":24}}},"branchMap":{}}}